<?xml version="1.0" encoding="UTF-8"?>
<testsuite xmlns:xsi="http://www.w3.org/2001/XMLSchema-instance" xsi:noNamespaceSchemaLocation="https://maven.apache.org/surefire/maven-surefire-plugin/xsd/surefire-test-report.xsd" version="3.0.2" name="com.kailashgautham.kepler.HelloControllerITest" time="2.782" tests="1" errors="0" skipped="0" failures="1">
  <properties>
[...]
</properties>
  <testcase name="getHello" classname="com.kailashgautham.kepler.HelloControllerITest" time="0.533">
    <failure message="&#10;expected: &quot;Greetings from Kepler!&quot;&#10; but was: &quot;{&quot;timestamp&quot;:&quot;2025-02-04T12:48:46.671+00:00&quot;,&quot;status&quot;:404,&quot;error&quot;:&quot;Not Found&quot;,&quot;path&quot;:&quot;/&quot;}&quot;" type="org.opentest4j.AssertionFailedError"><![CDATA[org.opentest4j.AssertionFailedError: 

expected: "Greetings from Kepler!"
 but was: "{"timestamp":"2025-02-04T12:48:46.671+00:00","status":404,"error":"Not Found","path":"/"}"
	at com.kailashgautham.kepler.HelloControllerITest.getHello(HelloControllerITest.java:20)
	at java.base/java.lang.reflect.Method.invoke(Method.java:580)
	at java.base/java.util.ArrayList.forEach(ArrayList.java:1597)
	at java.base/java.util.ArrayList.forEach(ArrayList.java:1597)
]]></failure>
    <system-out><![CDATA[20:48:44.033 [main] INFO org.springframework.test.context.support.AnnotationConfigContextLoaderUtils -- Could not detect default configuration classes for test class [com.kailashgautham.kepler.HelloControllerITest]: HelloControllerITest does not declare any static, non-private, non-final, nested classes annotated with @Configuration.
20:48:44.081 [main] INFO org.springframework.boot.test.context.SpringBootTestContextBootstrapper -- Found @SpringBootConfiguration com.kailashgautham.kepler.KeplerApplication for test class com.kailashgautham.kepler.HelloControllerITest

  .   ____          _            __ _ _
 /\\ / ___'_ __ _ _(_)_ __  __ _ \ \ \ \
( ( )\___ | '_ | '_| | '_ \/ _` | \ \ \ \
 \\/  ___)| |_)| | | | | || (_| |  ) ) ) )
  '  |____| .__|_| |_|_| |_\__, | / / / /
 =========|_|==============|___/=/_/_/_/

 :: Spring Boot ::                (v3.4.2)

2025-02-04T20:48:44.255+08:00  INFO 73871 --- [kepler] [           main] c.k.kepler.HelloControllerITest          : Starting HelloControllerITest using Java 23.0.2 with PID 73871 (started by kailashgautham in /Users/kailashgautham/Developer/Kepler)
2025-02-04T20:48:44.256+08:00  INFO 73871 --- [kepler] [           main] c.k.kepler.HelloControllerITest          : No active profile set, falling back to 1 default profile: "default"
2025-02-04T20:48:44.636+08:00  INFO 73871 --- [kepler] [           main] .s.d.r.c.RepositoryConfigurationDelegate : Bootstrapping Spring Data JPA repositories in DEFAULT mode.
2025-02-04T20:48:44.647+08:00  INFO 73871 --- [kepler] [           main] .s.d.r.c.RepositoryConfigurationDelegate : Finished Spring Data repository scanning in 6 ms. Found 0 JPA repository interfaces.
2025-02-04T20:48:45.011+08:00  INFO 73871 --- [kepler] [           main] o.s.b.w.embedded.tomcat.TomcatWebServer  : Tomcat initialized with port 0 (http)
2025-02-04T20:48:45.020+08:00  INFO 73871 --- [kepler] [           main] o.apache.catalina.core.StandardService   : Starting service [Tomcat]
2025-02-04T20:48:45.021+08:00  INFO 73871 --- [kepler] [           main] o.apache.catalina.core.StandardEngine    : Starting Servlet engine: [Apache Tomcat/10.1.34]
2025-02-04T20:48:45.044+08:00  INFO 73871 --- [kepler] [           main] o.a.c.c.C.[Tomcat].[localhost].[/]       : Initializing Spring embedded WebApplicationContext
2025-02-04T20:48:45.044+08:00  INFO 73871 --- [kepler] [           main] w.s.c.ServletWebServerApplicationContext : Root WebApplicationContext: initialization completed in 781 ms
2025-02-04T20:48:45.204+08:00  INFO 73871 --- [kepler] [           main] o.hibernate.jpa.internal.util.LogHelper  : HHH000204: Processing PersistenceUnitInfo [name: default]
2025-02-04T20:48:45.228+08:00  INFO 73871 --- [kepler] [           main] org.hibernate.Version                    : HHH000412: Hibernate ORM core version 6.6.5.Final
2025-02-04T20:48:45.241+08:00  INFO 73871 --- [kepler] [           main] o.h.c.internal.RegionFactoryInitiator    : HHH000026: Second-level cache disabled
2025-02-04T20:48:45.372+08:00  INFO 73871 --- [kepler] [           main] o.s.o.j.p.SpringPersistenceUnitInfo      : No LoadTimeWeaver setup: ignoring JPA class transformer
2025-02-04T20:48:45.385+08:00  INFO 73871 --- [kepler] [           main] com.zaxxer.hikari.HikariDataSource       : HikariPool-1 - Starting...
2025-02-04T20:48:45.448+08:00  INFO 73871 --- [kepler] [           main] com.zaxxer.hikari.pool.HikariPool        : HikariPool-1 - Added connection org.postgresql.jdbc.PgConnection@2586e878
2025-02-04T20:48:45.449+08:00  INFO 73871 --- [kepler] [           main] com.zaxxer.hikari.HikariDataSource       : HikariPool-1 - Start completed.
2025-02-04T20:48:45.488+08:00  INFO 73871 --- [kepler] [           main] org.hibernate.orm.connections.pooling    : HHH10001005: Database info:
	Database JDBC URL [Connecting through datasource 'HikariDataSource (HikariPool-1)']
	Database driver: undefined/unknown
	Database version: 17.2
	Autocommit mode: undefined/unknown
	Isolation level: undefined/unknown
	Minimum pool size: undefined/unknown
	Maximum pool size: undefined/unknown
2025-02-04T20:48:45.637+08:00  INFO 73871 --- [kepler] [           main] o.h.e.t.j.p.i.JtaPlatformInitiator       : HHH000489: No JTA platform available (set 'hibernate.transaction.jta.platform' to enable JTA platform integration)
2025-02-04T20:48:45.639+08:00  INFO 73871 --- [kepler] [           main] j.LocalContainerEntityManagerFactoryBean : Initialized JPA EntityManagerFactory for persistence unit 'default'
2025-02-04T20:48:45.674+08:00  WARN 73871 --- [kepler] [           main] JpaBaseConfiguration$JpaWebConfiguration : spring.jpa.open-in-view is enabled by default. Therefore, database queries may be performed during view rendering. Explicitly configure spring.jpa.open-in-view to disable this warning
2025-02-04T20:48:46.020+08:00  INFO 73871 --- [kepler] [           main] o.s.b.a.e.web.EndpointLinksResolver      : Exposing 1 endpoint beneath base path '/actuator'
2025-02-04T20:48:46.147+08:00  INFO 73871 --- [kepler] [           main] o.s.b.w.embedded.tomcat.TomcatWebServer  : Tomcat started on port 63558 (http) with context path '/'
2025-02-04T20:48:46.159+08:00  INFO 73871 --- [kepler] [           main] c.k.kepler.HelloControllerITest          : Started HelloControllerITest in 2.023 seconds (process running for 2.453)
2025-02-04T20:48:46.632+08:00  INFO 73871 --- [kepler] [o-auto-1-exec-1] o.a.c.c.C.[Tomcat].[localhost].[/]       : Initializing Spring DispatcherServlet 'dispatcherServlet'
2025-02-04T20:48:46.632+08:00  INFO 73871 --- [kepler] [o-auto-1-exec-1] o.s.web.servlet.DispatcherServlet        : Initializing Servlet 'dispatcherServlet'
2025-02-04T20:48:46.633+08:00  INFO 73871 --- [kepler] [o-auto-1-exec-1] o.s.web.servlet.DispatcherServlet        : Completed initialization in 1 ms
]]></system-out>
    <system-err><![CDATA[Mockito is currently self-attaching to enable the inline-mock-maker. This will no longer work in future releases of the JDK. Please add Mockito as an agent to your build what is described in Mockito's documentation: https://javadoc.io/doc/org.mockito/mockito-core/latest/org/mockito/Mockito.html#0.3
WARNING: A Java agent has been loaded dynamically (/Users/kailashgautham/.m2/repository/net/bytebuddy/byte-buddy-agent/1.15.11/byte-buddy-agent-1.15.11.jar)
WARNING: If a serviceability tool is in use, please run with -XX:+EnableDynamicAgentLoading to hide this warning
WARNING: If a serviceability tool is not in use, please run with -Djdk.instrument.traceUsage for more information
WARNING: Dynamic loading of agents will be disallowed by default in a future release
]]></system-err>
  </testcase>
</testsuite>